<?xml version="1.0" encoding="UTF-8"?>
<!-- Generated by org.testng.reporters.JUnitReportReporter -->
<testsuite hostname="Shivams-MacBook-Air.local" failures="0" tests="1" name="testCases.TC002_FeaturesPage" time="16.232" errors="0" timestamp="2025-01-11T19:15:53 IST" skipped="0">
  <testcase classname="testCases.TC002_FeaturesPage" name="FeaturesPage" time="16.232"/>
  <system-out/>
</testsuite> <!-- testCases.TC002_FeaturesPage -->
